<?xml version="1.0" encoding="UTF-8"?>
<!-- Generated by org.testng.reporters.JUnitXMLReporter -->
<testsuite ignored="2" hostname="DESKTOP-ABHI" failures="0" tests="1" name="Test(failed)(failed)" time="0.08" errors="0" timestamp="2023-01-19T15:22:57 IST">
  <testcase classname="testNGPack.Demo" name="demo2" time="0.014"/>
  <testcase classname="testNGPack.Demo" name="demo1" time="0.0">
    <ignored/>
  </testcase> <!-- demo1 -->
  <testcase classname="testNGPack.Demo" name="f" time="0.0">
    <ignored/>
  </testcase> <!-- f -->
</testsuite> <!-- Test(failed)(failed) -->
